Using GPU(s): 0
index, name, memory.total [MiB], memory.free [MiB]
0, NVIDIA L40S, 46068 MiB, 45469 MiB
1, NVIDIA L40S, 46068 MiB, 21805 MiB
2, NVIDIA L40S, 46068 MiB, 14701 MiB
3, NVIDIA L40S, 46068 MiB, 28187 MiB
==========================================
Starting execution of: 14_internvl3_5FT.ipynb
==========================================
Error occurred. Notebook saved to: entregables/14_internvl3_5FT_error.ipynb
Error: An error occurred while executing the following cell:
------------------
class SexismMemeDataset(TorchDataset):
    """Dataset para clasificación de memes con imagen + texto."""
    
    def __init__(self, df, processor, base_dir, max_length=512):
        self.df = df.reset_index(drop=True)
        self.processor = processor
        self.base_dir = Path(base_dir)
        self.max_length = max_length
        
    def __len__(self):
        return len(self.df)
    
    def __getitem__(self, idx):
        row = self.df.iloc[idx]
        
        # Cargar imagen
        img_path = self.base_dir / row['path_memes']
        try:
            image = Image.open(img_path).convert('RGB')
        except Exception as e:
            print(f"[WARN] Error cargando imagen {img_path}: {e}")
            # Crear imagen placeholder
            image = Image.new('RGB', (224, 224), color='gray')
        
        # Construir prompt
        combined_text = row[TEXT_COLUMN]
        label = row['label_int']
        target_text = "YES" if label == 1 else "NO"
        
        # Formato de mensajes para InternVL3.5
        system_instruction = (
            "You are an expert content moderator. Analyze the meme and determine "
            "if it contains sexist content. Answer only YES or NO."
        )
        
        user_content = f"Analyze this meme. {combined_text}\n\nIs this meme sexist? Answer YES or NO."
        
        messages = [
            {
                "role": "system",
                "content": [{"type": "text", "text": system_instruction}]
            },
            {
                "role": "user", 
                "content": [
                    {"type": "image", "url": f"file://{img_path}"},
                    {"type": "text", "text": user_content}
                ]
            },
            {
                "role": "assistant",
                "content": [{"type": "text", "text": target_text}]
            }
        ]
        
        # Aplicar chat template
        prompt = self.processor.apply_chat_template(messages, tokenize=False)
        
        # Tokenizar el texto completo
        encoding = self.processor(
            text=prompt,
            images=[image],
            truncation=True,
            max_length=self.max_length,
            padding="max_length",
            return_tensors="pt"
        )
        
        # Squeeze para eliminar dimensión batch
        item = {k: v.squeeze(0) for k, v in encoding.items()}
        
        # Los labels son los input_ids desplazados (para CLM)
        # Enmascaramos el prompt y solo calculamos loss en la respuesta
        item['labels'] = item['input_ids'].clone()
        
        return item


class DataCollatorForVLM:
    """Collator simple para Vision-Language Model."""
    
    def __init__(self, processor, pad_token_id=None):
        self.processor = processor
        self.pad_token_id = pad_token_id or processor.tokenizer.pad_token_id
        
    def __call__(self, features):
        batch = {}
        
        # Handle input_ids
        if 'input_ids' in features[0]:
            batch['input_ids'] = torch.stack([f['input_ids'] for f in features])
            
        # Handle attention_mask
        if 'attention_mask' in features[0]:
            batch['attention_mask'] = torch.stack([f['attention_mask'] for f in features])
            
        # Handle pixel_values (imágenes)
        if 'pixel_values' in features[0]:
            batch['pixel_values'] = torch.stack([f['pixel_values'] for f in features])
            
        # Handle labels
        if 'labels' in features[0]:
            batch['labels'] = torch.stack([f['labels'] for f in features])
            # Reemplazar pad tokens con -100 para ignorar en loss
            batch['labels'][batch['labels'] == self.pad_token_id] = -100
            
        # Handle image_flags si existe
        if 'image_flags' in features[0]:
            batch['image_flags'] = torch.stack([f['image_flags'] for f in features])
            
        return batch


# Crear datasets
print("Creando datasets...")
train_dataset = SexismMemeDataset(train_df, processor, DATA_BASE_DIR, MAX_LENGTH)
eval_dataset = SexismMemeDataset(val_df, processor, DATA_BASE_DIR, MAX_LENGTH)

print(f"✓ Train dataset: {len(train_dataset)} ejemplos")
print(f"✓ Eval dataset: {len(eval_dataset)} ejemplos")

# Verificar un ejemplo
sample = train_dataset[0]
print(f"\nEjemplo de entrada:")
print(f"  input_ids shape: {sample['input_ids'].shape}")
if 'pixel_values' in sample:
    print(f"  pixel_values shape: {sample['pixel_values'].shape}")
print(f"  labels shape: {sample['labels'].shape}")
------------------

----- stdout -----
Creando datasets...
✓ Train dataset: 2146 ejemplos
✓ Eval dataset: 537 ejemplos
------------------

[31m---------------------------------------------------------------------------[39m
[31mValueError[39m                                Traceback (most recent call last)
[36mCell[39m[36m [39m[32mIn[6][39m[32m, line 123[39m
[32m    120[39m [38;5;28mprint[39m([33mf[39m[33m"[39m[33m✓ Eval dataset: [39m[38;5;132;01m{[39;00m[38;5;28mlen[39m(eval_dataset)[38;5;132;01m}[39;00m[33m ejemplos[39m[33m"[39m)
[32m    122[39m [38;5;66;03m# Verificar un ejemplo[39;00m
[32m--> [39m[32m123[39m sample = [43mtrain_dataset[49m[43m[[49m[32;43m0[39;49m[43m][49m
[32m    124[39m [38;5;28mprint[39m([33mf[39m[33m"[39m[38;5;130;01m\n[39;00m[33mEjemplo de entrada:[39m[33m"[39m)
[32m    125[39m [38;5;28mprint[39m([33mf[39m[33m"[39m[33m  input_ids shape: [39m[38;5;132;01m{[39;00msample[[33m'[39m[33minput_ids[39m[33m'[39m].shape[38;5;132;01m}[39;00m[33m"[39m)

[36mCell[39m[36m [39m[32mIn[6][39m[32m, line 60[39m, in [36mSexismMemeDataset.__getitem__[39m[34m(self, idx)[39m
[32m     57[39m prompt = [38;5;28mself[39m.processor.apply_chat_template(messages, tokenize=[38;5;28;01mFalse[39;00m)
[32m     59[39m [38;5;66;03m# Tokenizar el texto completo[39;00m
[32m---> [39m[32m60[39m encoding = [38;5;28;43mself[39;49m[43m.[49m[43mprocessor[49m[43m([49m
[32m     61[39m [43m    [49m[43mtext[49m[43m=[49m[43mprompt[49m[43m,[49m
[32m     62[39m [43m    [49m[43mimages[49m[43m=[49m[43m[[49m[43mimage[49m[43m][49m[43m,[49m
[32m     63[39m [43m    [49m[43mtruncation[49m[43m=[49m[38;5;28;43;01mTrue[39;49;00m[43m,[49m
[32m     64[39m [43m    [49m[43mmax_length[49m[43m=[49m[38;5;28;43mself[39;49m[43m.[49m[43mmax_length[49m[43m,[49m
[32m     65[39m [43m    [49m[43mpadding[49m[43m=[49m[33;43m"[39;49m[33;43mmax_length[39;49m[33;43m"[39;49m[43m,[49m
[32m     66[39m [43m    [49m[43mreturn_tensors[49m[43m=[49m[33;43m"[39;49m[33;43mpt[39;49m[33;43m"[39;49m
[32m     67[39m [43m[49m[43m)[49m
[32m     69[39m [38;5;66;03m# Squeeze para eliminar dimensión batch[39;00m
[32m     70[39m item = {k: v.squeeze([32m0[39m) [38;5;28;01mfor[39;00m k, v [38;5;129;01min[39;00m encoding.items()}

[36mFile [39m[32m~/.conda/envs/RFA2526pt/lib/python3.12/site-packages/transformers/models/internvl/processing_internvl.py:219[39m, in [36mInternVLProcessor.__call__[39m[34m(self, images, text, videos, **kwargs)[39m
[32m    217[39m return_mm_token_type_ids = output_kwargs[[33m"[39m[33mtext_kwargs[39m[33m"[39m].pop([33m"[39m[33mreturn_mm_token_type_ids[39m[33m"[39m, [38;5;28;01mNone[39;00m)
[32m    218[39m text_inputs = [38;5;28mself[39m.tokenizer(text, **output_kwargs[[33m"[39m[33mtext_kwargs[39m[33m"[39m])
[32m--> [39m[32m219[39m [38;5;28;43mself[39;49m[43m.[49m[43m_check_special_mm_tokens[49m[43m([49m[43mtext[49m[43m,[49m[43m [49m[43mtext_inputs[49m[43m,[49m[43m [49m[43mmodalities[49m[43m=[49m[43m[[49m[33;43m"[39;49m[33;43mimage[39;49m[33;43m"[39;49m[43m][49m[43m)[49m
[32m    221[39m [38;5;28;01mif[39;00m return_mm_token_type_ids:
[32m    222[39m     array_ids = np.array(text_inputs[[33m"[39m[33minput_ids[39m[33m"[39m])

[36mFile [39m[32m~/.conda/envs/RFA2526pt/lib/python3.12/site-packages/transformers/processing_utils.py:1929[39m, in [36mProcessorMixin._check_special_mm_tokens[39m[34m(self, text, text_inputs, modalities)[39m
[32m   1926[39m text_count = [sample.count(token_str) [38;5;28;01mfor[39;00m sample [38;5;129;01min[39;00m text]
[32m   1928[39m [38;5;28;01mif[39;00m ids_count != text_count:
[32m-> [39m[32m1929[39m     [38;5;28;01mraise[39;00m [38;5;167;01mValueError[39;00m(
[32m   1930[39m         [33mf[39m[33m"[39m[33mMismatch in `[39m[38;5;132;01m{[39;00mmodality[38;5;132;01m}[39;00m[33m` token count between text and `input_ids`. Got ids=[39m[38;5;132;01m{[39;00mids_count[38;5;132;01m}[39;00m[33m and text=[39m[38;5;132;01m{[39;00mtext_count[38;5;132;01m}[39;00m[33m. [39m[33m"[39m
[32m   1931[39m         [33m"[39m[33mLikely due to `truncation=[39m[33m'[39m[33mmax_length[39m[33m'[39m[33m`. Please disable truncation or increase `max_length`.[39m[33m"[39m
[32m   1932[39m     )

[31mValueError[39m: Mismatch in `image` token count between text and `input_ids`. Got ids=[478] and text=[3328]. Likely due to `truncation='max_length'`. Please disable truncation or increase `max_length`.

Memory cleaned
[W306 00:38:40.409799400 AllocatorConfig.cpp:28] Warning: PYTORCH_CUDA_ALLOC_CONF is deprecated, use PYTORCH_ALLOC_CONF instead (function operator())
WARNING: 14_internvl3_5FT.ipynb execution failed, continuing with next notebook...

==========================================
All notebooks processed!
==========================================
