Using GPU(s): 3
index, name, memory.total [MiB], memory.free [MiB]
0, NVIDIA L40S, 46068 MiB, 31179 MiB
1, NVIDIA L40S, 46068 MiB, 21841 MiB
2, NVIDIA L40S, 46068 MiB, 33247 MiB
3, NVIDIA L40S, 46068 MiB, 45469 MiB
==========================================
Starting execution of: 15_pixtral12bFT.ipynb
==========================================
Error occurred. Notebook saved to: entregables/15_pixtral12bFT_error_1.ipynb
Error: An error occurred while executing the following cell:
------------------
class SexismMemeDataset(TorchDataset):
    """Dataset para clasificación de memes con imagen + texto para Pixtral."""
    
    def __init__(self, df, processor, base_dir, max_length=4096):
        self.df = df.reset_index(drop=True)
        self.processor = processor
        self.base_dir = Path(base_dir)
        self.max_length = max_length
        
    def __len__(self):
        return len(self.df)
    
    def __getitem__(self, idx):
        row = self.df.iloc[idx]
        
        # Cargar imagen
        img_path = self.base_dir / row['path_memes']
        try:
            image = Image.open(img_path).convert('RGB')
        except Exception as e:
            print(f"[WARN] Error cargando imagen {img_path}: {e}")
            image = Image.new('RGB', (224, 224), color='gray')
        
        # Construir prompt para Pixtral
        combined_text = row[TEXT_COLUMN]
        label = row['label_int']
        target_text = "YES" if label == 1 else "NO"
        
        # Formato de prompt simplificado para Pixtral
        system_instruction = (
            "You are an expert content moderator. Analyze the meme and determine "
            "if it contains sexist content. Answer only YES or NO."
        )
        user_content = f"Analyze this meme. {combined_text}\\n\\nIs this meme sexist? Answer YES or NO."
        
        # Construir prompt completo con respuesta para entrenamiento
        prompt = f"[INST]{system_instruction}\\n\\n{user_content}[/INST]{target_text}"
        
        # Tokenizar con la imagen
        try:
            encoding = self.processor(
                text=prompt,
                images=image,
                truncation=True,
                max_length=self.max_length,
                padding="max_length",
                return_tensors="pt"
            )
        except Exception as e:
            print(f"[ERROR] Procesamiento fallido para idx {idx}: {e}")
            # Fallback: crear un ejemplo vacío
            encoding = self.processor(
                text=prompt,
                images=Image.new('RGB', (224, 224), color='gray'),
                truncation=True,
                max_length=self.max_length,
                padding="max_length",
                return_tensors="pt"
            )
        
        # Squeeze para eliminar dimensión batch
        item = {}
        for k, v in encoding.items():
            if isinstance(v, torch.Tensor):
                item[k] = v.squeeze(0)
            else:
                item[k] = v
        
        # Los labels son los input_ids (para CLM)
        item['labels'] = item['input_ids'].clone()
        
        return item


class DataCollatorForVLM:
    """Collator para Vision-Language Model (Pixtral con tamaños variables)."""
    
    def __init__(self, processor, pad_token_id=None):
        self.processor = processor
        self.pad_token_id = pad_token_id or processor.tokenizer.pad_token_id
        
    def __call__(self, features):
        batch = {}
        
        # Handle input_ids
        if 'input_ids' in features[0]:
            batch['input_ids'] = torch.stack([f['input_ids'] for f in features])
            
        # Handle attention_mask
        if 'attention_mask' in features[0]:
            batch['attention_mask'] = torch.stack([f['attention_mask'] for f in features])
            # Si ya son tensores 3D (C, H, W), apilarlos
        # Handle pixel_values (imágenes con tamaños variables para Pixtral)
        if 'pixel_values' in features[0]:
            # Pasar como lista sin apilar, Pixtral maneja tamaños variables
            batch['pixel_values'] = [f['pixel_values'] for f in features]
            
        # Handle labels
        if 'labels' in features[0]:
            batch['labels'] = torch.stack([f['labels'] for f in features])
            # Reemplazar pad tokens con -100 para ignorar en loss
            batch['labels'][batch['labels'] == self.pad_token_id] = -100
            
        return batch

            
# Crear datasets
print("Creando datasets...")
train_dataset = SexismMemeDataset(train_df, processor, DATA_BASE_DIR, MAX_LENGTH)
eval_dataset = SexismMemeDataset(val_df, processor, DATA_BASE_DIR, MAX_LENGTH)

print(f"✓ Train dataset: {len(train_dataset)} ejemplos")
print(f"✓ Eval dataset: {len(eval_dataset)} ejemplos")

# Verificar un ejemplo
sample = train_dataset[0]

print(f"\nEjemplo de entrada:")
print(f"  labels shape: {sample['labels'].shape}")

print(f"  input_ids shape: {sample['input_ids'].shape}")
# Verificar un ejemplo    print(f"  pixel_values shape: {sample['pixel_values'].shape}")

if 'pixel_values' in sample:
sample = train_dataset[0]if 'pixel_values' in sample:

    print(f"  pixel_values shape: {sample['pixel_values'].shape}")
print(f"\nEjemplo de entrada:")print(f"  input_ids shape: {sample['input_ids'].shape}")
print(f"  labels shape: {sample['labels'].shape}")
------------------


  [36mCell[39m[36m [39m[32mIn[5][39m[32m, line 125[39m
[31m    [39m[31msample = train_dataset[0]if 'pixel_values' in sample:[39m
    ^
[31mIndentationError[39m[31m:[39m expected an indented block after 'if' statement on line 124


Memory cleaned
[W306 09:35:02.061508422 AllocatorConfig.cpp:28] Warning: PYTORCH_CUDA_ALLOC_CONF is deprecated, use PYTORCH_ALLOC_CONF instead (function operator())
WARNING: 15_pixtral12bFT.ipynb execution failed, continuing with next notebook...

==========================================
All notebooks processed!
==========================================
