Task ID: 0
Starting: 11_internvl3_5.ipynb
index, name, memory.total [MiB], memory.free [MiB]
0, NVIDIA L40S, 46068 MiB, 35459 MiB
1, NVIDIA L40S, 46068 MiB, 21747 MiB
2, NVIDIA L40S, 46068 MiB, 17001 MiB
3, NVIDIA L40S, 46068 MiB, 45469 MiB
Error. Saved to: entregables/11_internvl3_5_error.ipynb
Error: An error occurred while executing the following cell:
------------------
import matplotlib.pyplot as plt
import pandas as pd
import numpy as np
import torch
import json
import os
from pathlib import Path
from PIL import Image
from tqdm.auto import tqdm

import transformers
from transformers import AutoTokenizer, AutoModel, BitsAndBytesConfig
from sklearn.metrics import (
    accuracy_score,
    precision_recall_fscore_support,
    roc_curve,
    auc
)

from pyevall.evaluation import PyEvALLEvaluation
from pyevall.metrics.metricfactory import MetricFactory

# Mostrar versiones para debugging
print(f"Transformers version: {transformers.__version__}")
print(f"PyTorch version: {torch.__version__}")
print(f"CUDA disponible: {torch.cuda.is_available()}")
if torch.cuda.is_available():
    print(f"GPU: {torch.cuda.get_device_name(0)}")
    print(f"Memoria GPU: {torch.cuda.get_device_properties(0).total_memory / 1e9:.1f} GB")
------------------


[31m---------------------------------------------------------------------------[39m
[31mImportError[39m                               Traceback (most recent call last)
[36mCell[39m[36m [39m[32mIn[1][39m[32m, line 11[39m
[32m      8[39m [38;5;28;01mfrom[39;00m[38;5;250m [39m[34;01mPIL[39;00m[38;5;250m [39m[38;5;28;01mimport[39;00m Image
[32m      9[39m [38;5;28;01mfrom[39;00m[38;5;250m [39m[34;01mtqdm[39;00m[34;01m.[39;00m[34;01mauto[39;00m[38;5;250m [39m[38;5;28;01mimport[39;00m tqdm
[32m---> [39m[32m11[39m [38;5;28;01mimport[39;00m[38;5;250m [39m[34;01mtransformers[39;00m
[32m     12[39m [38;5;28;01mfrom[39;00m[38;5;250m [39m[34;01mtransformers[39;00m[38;5;250m [39m[38;5;28;01mimport[39;00m AutoTokenizer, AutoModel, BitsAndBytesConfig
[32m     13[39m [38;5;28;01mfrom[39;00m[38;5;250m [39m[34;01msklearn[39;00m[34;01m.[39;00m[34;01mmetrics[39;00m[38;5;250m [39m[38;5;28;01mimport[39;00m (
[32m     14[39m     accuracy_score,
[32m     15[39m     precision_recall_fscore_support,
[32m     16[39m     roc_curve,
[32m     17[39m     auc
[32m     18[39m )

[36mFile [39m[32m~/.conda/envs/RFA2526pt/lib/python3.12/site-packages/transformers/__init__.py:27[39m
[32m     24[39m [38;5;28;01mfrom[39;00m[38;5;250m [39m[34;01mtyping[39;00m[38;5;250m [39m[38;5;28;01mimport[39;00m TYPE_CHECKING
[32m     26[39m [38;5;66;03m# Check the dependencies satisfy the minimal versions required.[39;00m
[32m---> [39m[32m27[39m [38;5;28;01mfrom[39;00m[38;5;250m [39m[34;01m.[39;00m[38;5;250m [39m[38;5;28;01mimport[39;00m dependency_versions_check
[32m     28[39m [38;5;28;01mfrom[39;00m[38;5;250m [39m[34;01m.[39;00m[34;01mutils[39;00m[38;5;250m [39m[38;5;28;01mimport[39;00m (
[32m     29[39m     OptionalDependencyNotAvailable,
[32m     30[39m     _LazyModule,
[32m   (...)[39m[32m     36[39m     is_pretty_midi_available,
[32m     37[39m )
[32m     39[39m [38;5;66;03m# Note: the following symbols are deliberately exported with `as`[39;00m
[32m     40[39m [38;5;66;03m# so that mypy, pylint or other static linters can recognize them,[39;00m
[32m     41[39m [38;5;66;03m# given that they are not exported using `__all__` in this file.[39;00m

[36mFile [39m[32m~/.conda/envs/RFA2526pt/lib/python3.12/site-packages/transformers/dependency_versions_check.py:57[39m
[32m     54[39m         [38;5;28;01mif[39;00m [38;5;129;01mnot[39;00m is_accelerate_available():
[32m     55[39m             [38;5;28;01mcontinue[39;00m  [38;5;66;03m# not required, check version only if installed[39;00m
[32m---> [39m[32m57[39m     [43mrequire_version_core[49m[43m([49m[43mdeps[49m[43m[[49m[43mpkg[49m[43m][49m[43m)[49m
[32m     58[39m [38;5;28;01melse[39;00m:
[32m     59[39m     [38;5;28;01mraise[39;00m [38;5;167;01mValueError[39;00m([33mf[39m[33m"[39m[33mcan[39m[33m'[39m[33mt find [39m[38;5;132;01m{[39;00mpkg[38;5;132;01m}[39;00m[33m in [39m[38;5;132;01m{[39;00mdeps.keys()[38;5;132;01m}[39;00m[33m, check dependency_versions_table.py[39m[33m"[39m)

[36mFile [39m[32m~/.conda/envs/RFA2526pt/lib/python3.12/site-packages/transformers/utils/versions.py:117[39m, in [36mrequire_version_core[39m[34m(requirement)[39m
[32m    115[39m [38;5;250m[39m[33;03m"""require_version wrapper which emits a core-specific hint on failure"""[39;00m
[32m    116[39m hint = [33m"[39m[33mTry: `pip install transformers -U` or `pip install -e [39m[33m'[39m[33m.[dev][39m[33m'[39m[33m` if you[39m[33m'[39m[33mre working with git main[39m[33m"[39m
[32m--> [39m[32m117[39m [38;5;28;01mreturn[39;00m [43mrequire_version[49m[43m([49m[43mrequirement[49m[43m,[49m[43m [49m[43mhint[49m[43m)[49m

[36mFile [39m[32m~/.conda/envs/RFA2526pt/lib/python3.12/site-packages/transformers/utils/versions.py:111[39m, in [36mrequire_version[39m[34m(requirement, hint)[39m
[32m    109[39m [38;5;28;01mif[39;00m want_ver [38;5;129;01mis[39;00m [38;5;129;01mnot[39;00m [38;5;28;01mNone[39;00m:
[32m    110[39m     [38;5;28;01mfor[39;00m op, want_ver [38;5;129;01min[39;00m wanted.items():
[32m--> [39m[32m111[39m         [43m_compare_versions[49m[43m([49m[43mop[49m[43m,[49m[43m [49m[43mgot_ver[49m[43m,[49m[43m [49m[43mwant_ver[49m[43m,[49m[43m [49m[43mrequirement[49m[43m,[49m[43m [49m[43mpkg[49m[43m,[49m[43m [49m[43mhint[49m[43m)[49m

[36mFile [39m[32m~/.conda/envs/RFA2526pt/lib/python3.12/site-packages/transformers/utils/versions.py:44[39m, in [36m_compare_versions[39m[34m(op, got_ver, want_ver, requirement, pkg, hint)[39m
[32m     39[39m     [38;5;28;01mraise[39;00m [38;5;167;01mValueError[39;00m(
[32m     40[39m         [33mf[39m[33m"[39m[33mUnable to compare versions for [39m[38;5;132;01m{[39;00mrequirement[38;5;132;01m}[39;00m[33m: need=[39m[38;5;132;01m{[39;00mwant_ver[38;5;132;01m}[39;00m[33m found=[39m[38;5;132;01m{[39;00mgot_ver[38;5;132;01m}[39;00m[33m. This is unusual. Consider[39m[33m"[39m
[32m     41[39m         [33mf[39m[33m"[39m[33m reinstalling [39m[38;5;132;01m{[39;00mpkg[38;5;132;01m}[39;00m[33m.[39m[33m"[39m
[32m     42[39m     )
[32m     43[39m [38;5;28;01mif[39;00m [38;5;129;01mnot[39;00m ops[op](version.parse(got_ver), version.parse(want_ver)):
[32m---> [39m[32m44[39m     [38;5;28;01mraise[39;00m [38;5;167;01mImportError[39;00m(
[32m     45[39m         [33mf[39m[33m"[39m[38;5;132;01m{[39;00mrequirement[38;5;132;01m}[39;00m[33m is required for a normal functioning of this module, but found [39m[38;5;132;01m{[39;00mpkg[38;5;132;01m}[39;00m[33m==[39m[38;5;132;01m{[39;00mgot_ver[38;5;132;01m}[39;00m[33m.[39m[38;5;132;01m{[39;00mhint[38;5;132;01m}[39;00m[33m"[39m
[32m     46[39m     )

[31mImportError[39m: tokenizers>=0.22.0,<=0.23.0 is required for a normal functioning of this module, but found tokenizers==0.15.2.
Try: `pip install transformers -U` or `pip install -e '.[dev]'` if you're working with git main

[W305 23:03:42.187747123 AllocatorConfig.cpp:28] Warning: PYTORCH_CUDA_ALLOC_CONF is deprecated, use PYTORCH_ALLOC_CONF instead (function operator())
Finished: 11_internvl3_5.ipynb
