==========================================
Starting execution of: 07_Ministral3_8B_inference_tweet.ipynb
==========================================
Error occurred. Notebook saved to: entregables/07_Ministral3_8B_inference_tweet_error.ipynb
Error: An error occurred while executing the following cell:
------------------
import os
import torch
import pandas as pd
import numpy as np

from transformers import MistralCommonBackend, Mistral3ForConditionalGeneration, FineGrainedFP8Config
from sklearn.metrics import (
    accuracy_score,
    precision_recall_fscore_support
)

from pyevall.evaluation import PyEvALLEvaluation
from pyevall.metrics.metricfactory import MetricFactory
------------------


[31m---------------------------------------------------------------------------[39m
[31mImportError[39m                               Traceback (most recent call last)
[36mCell[39m[36m [39m[32mIn[1][39m[32m, line 6[39m
[32m      3[39m [38;5;28;01mimport[39;00m[38;5;250m [39m[34;01mpandas[39;00m[38;5;250m [39m[38;5;28;01mas[39;00m[38;5;250m [39m[34;01mpd[39;00m
[32m      4[39m [38;5;28;01mimport[39;00m[38;5;250m [39m[34;01mnumpy[39;00m[38;5;250m [39m[38;5;28;01mas[39;00m[38;5;250m [39m[34;01mnp[39;00m
[32m----> [39m[32m6[39m [38;5;28;01mfrom[39;00m[38;5;250m [39m[34;01mtransformers[39;00m[38;5;250m [39m[38;5;28;01mimport[39;00m MistralCommonBackend, Mistral3ForConditionalGeneration, FineGrainedFP8Config
[32m      7[39m [38;5;28;01mfrom[39;00m[38;5;250m [39m[34;01msklearn[39;00m[34;01m.[39;00m[34;01mmetrics[39;00m[38;5;250m [39m[38;5;28;01mimport[39;00m (
[32m      8[39m     accuracy_score,
[32m      9[39m     precision_recall_fscore_support
[32m     10[39m )
[32m     12[39m [38;5;28;01mfrom[39;00m[38;5;250m [39m[34;01mpyevall[39;00m[34;01m.[39;00m[34;01mevaluation[39;00m[38;5;250m [39m[38;5;28;01mimport[39;00m PyEvALLEvaluation

[31mImportError[39m: cannot import name 'MistralCommonBackend' from 'transformers' (/home/alumno.upv.es/scheng1/.conda/envs/RFA2526pt/lib/python3.12/site-packages/transformers/__init__.py)

Finished processing: 07_Ministral3_8B_inference_tweet.ipynb
