==========================================
Starting execution of: 09_Ministral3_8B_inference_ft.ipynb
==========================================
Error occurred. Notebook saved to: entregables/09_Ministral3_8B_inference_ft_error.ipynb
Error: An error occurred while executing the following cell:
------------------
import os
import torch
import pandas as pd
import numpy as np

from transformers import Mistral3ForConditionalGeneration, FineGrainedFP8Config, MistralCommonBackend
from peft import PeftModel

from sklearn.metrics import accuracy_score, precision_recall_fscore_support

from pyevall.evaluation import PyEvALLEvaluation
from pyevall.metrics.metricfactory import MetricFactory
------------------


[31m---------------------------------------------------------------------------[39m
[31mImportError[39m                               Traceback (most recent call last)
[36mCell[39m[36m [39m[32mIn[1][39m[32m, line 6[39m
[32m      3[39m [38;5;28;01mimport[39;00m[38;5;250m [39m[34;01mpandas[39;00m[38;5;250m [39m[38;5;28;01mas[39;00m[38;5;250m [39m[34;01mpd[39;00m
[32m      4[39m [38;5;28;01mimport[39;00m[38;5;250m [39m[34;01mnumpy[39;00m[38;5;250m [39m[38;5;28;01mas[39;00m[38;5;250m [39m[34;01mnp[39;00m
[32m----> [39m[32m6[39m [38;5;28;01mfrom[39;00m[38;5;250m [39m[34;01mtransformers[39;00m[38;5;250m [39m[38;5;28;01mimport[39;00m Mistral3ForConditionalGeneration, FineGrainedFP8Config, MistralCommonBackend
[32m      7[39m [38;5;28;01mfrom[39;00m[38;5;250m [39m[34;01mpeft[39;00m[38;5;250m [39m[38;5;28;01mimport[39;00m PeftModel
[32m      9[39m [38;5;28;01mfrom[39;00m[38;5;250m [39m[34;01msklearn[39;00m[34;01m.[39;00m[34;01mmetrics[39;00m[38;5;250m [39m[38;5;28;01mimport[39;00m accuracy_score, precision_recall_fscore_support

[31mImportError[39m: cannot import name 'MistralCommonBackend' from 'transformers' (/home/alumno.upv.es/scheng1/.conda/envs/RFA2526pt/lib/python3.12/site-packages/transformers/__init__.py)

Finished processing: 09_Ministral3_8B_inference_ft.ipynb
