Using GPU(s): 1
index, name, memory.total [MiB], memory.free [MiB]
0, NVIDIA L40S, 46068 MiB, 28547 MiB
1, NVIDIA L40S, 46068 MiB, 45469 MiB
2, NVIDIA L40S, 46068 MiB, 45469 MiB
3, NVIDIA L40S, 46068 MiB, 45469 MiB
==========================================
Starting execution of: 05_KaLM_ft_tweet.ipynb
==========================================
Successfully saved to: entregables/05_KaLM_ft_tweet_out.ipynb
Memory cleaned after successful execution
Memory cleaned
[W226 14:24:29.862836068 AllocatorConfig.cpp:28] Warning: PYTORCH_CUDA_ALLOC_CONF is deprecated, use PYTORCH_ALLOC_CONF instead (function operator())

==========================================
Starting execution of: 06_KaLM_ft_text_clean.ipynb
==========================================
Successfully saved to: entregables/06_KaLM_ft_text_clean_out.ipynb
Memory cleaned after successful execution
Memory cleaned
[W226 14:28:35.430615492 AllocatorConfig.cpp:28] Warning: PYTORCH_CUDA_ALLOC_CONF is deprecated, use PYTORCH_ALLOC_CONF instead (function operator())

==========================================
All notebooks processed!
==========================================
